<?xml version="1.0" encoding="UTF-8"?>
<!-- Generated by org.testng.reporters.JUnitReportReporter -->
<testsuite hostname="L-5CD13757TQ" failures="0" tests="7" name="bajaj.website.test.lob.loans.PersonalLoansTest" time="10.415" errors="1" timestamp="2024-10-03T17:44:15 IST" skipped="6">
  <testcase classname="bajaj.website.test.lob.loans.PersonalLoansTest" name="A05_validatePLInterestRates" time="0.000">
    <skipped/>
  </testcase> <!-- A05_validatePLInterestRates -->
  <system-out/>
  <testcase classname="bajaj.website.test.lob.loans.PersonalLoansTest" name="A04_validatePLEligibility" time="0.000">
    <skipped/>
  </testcase> <!-- A04_validatePLEligibility -->
  <system-out/>
  <testcase classname="bajaj.website.test.lob.loans.PersonalLoansTest" name="A02_validatePLApplyNow" time="0.000">
    <skipped/>
  </testcase> <!-- A02_validatePLApplyNow -->
  <system-out/>
  <testcase classname="bajaj.website.test.lob.loans.PersonalLoansTest" name="A03_validatePLCalculator" time="0.000">
    <skipped/>
  </testcase> <!-- A03_validatePLCalculator -->
  <system-out/>
  <testcase classname="bajaj.website.test.lob.loans.PersonalLoansTest" name="A06_validatePLDocuments" time="0.000">
    <skipped/>
  </testcase> <!-- A06_validatePLDocuments -->
  <system-out/>
  <testcase classname="bajaj.website.test.lob.loans.PersonalLoansTest" name="Setup" time="10.415">
    <error message="Could not start a new session. Unable to parse remote response:  
Host info: host: &#039;L-5CD13757TQ&#039;, ip: &#039;10.61.112.153&#039;" type="org.openqa.selenium.SessionNotCreatedException">
      <![CDATA[org.openqa.selenium.SessionNotCreatedException: Could not start a new session. Unable to parse remote response:  
Host info: host: 'L-5CD13757TQ', ip: '10.61.112.153'
at org.openqa.selenium.remote.ProtocolHandshake.createSession(ProtocolHandshake.java:126)
at org.openqa.selenium.remote.ProtocolHandshake.createSession(ProtocolHandshake.java:96)
at org.openqa.selenium.remote.ProtocolHandshake.createSession(ProtocolHandshake.java:68)
at org.openqa.selenium.remote.HttpCommandExecutor.execute(HttpCommandExecutor.java:163)
at org.openqa.selenium.remote.service.DriverCommandExecutor.invokeExecute(DriverCommandExecutor.java:200)
at org.openqa.selenium.remote.service.DriverCommandExecutor.execute(DriverCommandExecutor.java:175)
at org.openqa.selenium.remote.RemoteWebDriver.execute(RemoteWebDriver.java:607)
at org.openqa.selenium.remote.RemoteWebDriver.startSession(RemoteWebDriver.java:241)
at org.openqa.selenium.remote.RemoteWebDriver.<init>(RemoteWebDriver.java:168)
at org.openqa.selenium.chromium.ChromiumDriver.<init>(ChromiumDriver.java:108)
at org.openqa.selenium.chrome.ChromeDriver.<init>(ChromeDriver.java:89)
at org.openqa.selenium.chrome.ChromeDriver.<init>(ChromeDriver.java:84)
at org.openqa.selenium.chrome.ChromeDriver.<init>(ChromeDriver.java:52)
at bajaj.website.utils.Utils.getDriver(Utils.java:69)
at bajaj.website.test.BaseTest.Setup(BaseTest.java:20)
at java.base/jdk.internal.reflect.DirectMethodHandleAccessor.invoke(DirectMethodHandleAccessor.java:103)
at java.base/java.lang.reflect.Method.invoke(Method.java:580)
at org.testng.internal.MethodInvocationHelper.invokeMethod(MethodInvocationHelper.java:133)
at org.testng.internal.MethodInvocationHelper.invokeMethodConsideringTimeout(MethodInvocationHelper.java:62)
at org.testng.internal.ConfigInvoker.invokeConfigurationMethod(ConfigInvoker.java:385)
at org.testng.internal.ConfigInvoker.invokeConfigurations(ConfigInvoker.java:321)
at org.testng.internal.TestMethodWorker.invokeBeforeClassMethods(TestMethodWorker.java:176)
at org.testng.internal.TestMethodWorker.run(TestMethodWorker.java:122)
at java.base/java.util.ArrayList.forEach(ArrayList.java:1596)
at org.testng.TestRunner.privateRun(TestRunner.java:794)
at org.testng.TestRunner.run(TestRunner.java:596)
at org.testng.SuiteRunner.runTest(SuiteRunner.java:377)
at org.testng.SuiteRunner.runSequentially(SuiteRunner.java:371)
at org.testng.SuiteRunner.privateRun(SuiteRunner.java:332)
at org.testng.SuiteRunner.run(SuiteRunner.java:276)
at org.testng.SuiteRunnerWorker.runSuite(SuiteRunnerWorker.java:53)
at org.testng.SuiteRunnerWorker.run(SuiteRunnerWorker.java:96)
at org.testng.TestNG.runSuitesSequentially(TestNG.java:1212)
at org.testng.TestNG.runSuitesLocally(TestNG.java:1134)
at org.testng.TestNG.runSuites(TestNG.java:1063)
at org.testng.TestNG.run(TestNG.java:1031)
at org.testng.remote.AbstractRemoteTestNG.run(AbstractRemoteTestNG.java:115)
at org.testng.remote.RemoteTestNG.initAndRun(RemoteTestNG.java:293)
at org.testng.remote.RemoteTestNG.main(RemoteTestNG.java:91)
Caused by: org.openqa.selenium.json.JsonException: Unable to parse: 
at org.openqa.selenium.json.Json.toType(Json.java:169)
at org.openqa.selenium.json.Json.toType(Json.java:152)
at org.openqa.selenium.remote.ProtocolHandshake.createSession(ProtocolHandshake.java:122)
... 38 more
Caused by: org.openqa.selenium.json.JsonException: Expected to read a START_MAP but instead have: END. Last 0 characters read: 
Build info: version: '4.15.0', revision: '1d14b5521b'
System info: os.name: 'Windows 10', os.arch: 'amd64', os.version: '10.0', java.version: '21.0.4'
Driver info: driver.version: ChromeDriver
at org.openqa.selenium.json.JsonInput.expect(JsonInput.java:467)
at org.openqa.selenium.json.JsonInput.beginObject(JsonInput.java:333)
at org.openqa.selenium.json.MapCoercer.lambda$apply$1(MapCoercer.java:64)
at org.openqa.selenium.json.JsonTypeCoercer.lambda$buildCoercer$6(JsonTypeCoercer.java:171)
at org.openqa.selenium.json.JsonTypeCoercer.coerce(JsonTypeCoercer.java:146)
at org.openqa.selenium.json.Json.toType(Json.java:206)
at org.openqa.selenium.json.Json.toType(Json.java:167)
... 40 more
]]>
    </error>
  </testcase> <!-- Setup -->
  <system-out/>
  <testcase classname="bajaj.website.test.lob.loans.PersonalLoansTest" name="A01_validatePersonalLoanOverview" time="0.000">
    <skipped/>
  </testcase> <!-- A01_validatePersonalLoanOverview -->
  <system-out/>
</testsuite> <!-- bajaj.website.test.lob.loans.PersonalLoansTest -->
